<?xml version="1.0" encoding="UTF-8"?>
<!-- Generated by org.testng.reporters.JUnitReportReporter -->
<testsuite hostname="Asus-Vivobook-S14" failures="0" tests="1" name="DataDriver_ExcelFile_Scenarios.WriteDataIntoMulitpleLines" time="0.084" errors="0" timestamp="2025-09-23T19:33:28 IST" skipped="0">
  <testcase classname="DataDriver_ExcelFile_Scenarios.WriteDataIntoMulitpleLines" name="writeDataIntoMultipleLines" time="0.084"/>
</testsuite> <!-- DataDriver_ExcelFile_Scenarios.WriteDataIntoMulitpleLines -->
