<?xml version="1.0" encoding="UTF-8"?>
<!-- Generated by org.testng.reporters.JUnitReportReporter -->
<testsuite hostname="Asus-Vivobook-S14" failures="0" tests="7" name="DataDriver_ExcelFile_Scenarios.CreateLoginData" time="0.176" errors="0" timestamp="2025-09-23T19:44:08 IST" skipped="0">
  <testcase classname="DataDriver_ExcelFile_Scenarios.CreateLoginData" name="readData" time="0.078"/>
  <testcase classname="DataDriver_ExcelFile_Scenarios.CreateLoginData" name="readData" time="0.006"/>
  <testcase classname="DataDriver_ExcelFile_Scenarios.CreateLoginData" name="readData" time="0.006"/>
  <testcase classname="DataDriver_ExcelFile_Scenarios.CreateLoginData" name="readData" time="0.006"/>
  <testcase classname="DataDriver_ExcelFile_Scenarios.CreateLoginData" name="readData" time="0.067"/>
  <testcase classname="DataDriver_ExcelFile_Scenarios.CreateLoginData" name="readData" time="0.006"/>
  <testcase classname="DataDriver_ExcelFile_Scenarios.CreateLoginData" name="readData" time="0.007"/>
</testsuite> <!-- DataDriver_ExcelFile_Scenarios.CreateLoginData -->
