<?xml version="1.0" encoding="UTF-8"?>
<!-- Generated by org.testng.reporters.JUnitReportReporter -->
<testsuite hostname="Asus-Vivobook-S14" failures="0" tests="3" name="TestngDemo.TNG_01_firstScript" time="0.051" errors="0" timestamp="2025-11-09T12:59:30 IST" skipped="0">
  <testcase classname="TestngDemo.TNG_01_firstScript" name="testC" time="0.010"/>
  <testcase classname="TestngDemo.TNG_01_firstScript" name="testA" time="0.036"/>
  <testcase classname="TestngDemo.TNG_01_firstScript" name="testB" time="0.005"/>
</testsuite> <!-- TestngDemo.TNG_01_firstScript -->
