<?xml version="1.0" encoding="UTF-8"?>
<!-- Generated by org.testng.reporters.JUnitReportReporter -->
<testsuite hostname="Asus-Vivobook-S14" failures="0" tests="3" name="TestngDemo.TNG08_TestDataProvider" time="0.022" errors="0" timestamp="2025-09-19T19:52:20 IST" skipped="0">
  <testcase classname="TestngDemo.TNG08_TestDataProvider" name="getData" time="0.003"/>
  <testcase classname="TestngDemo.TNG08_TestDataProvider" name="getData" time="0.016"/>
  <testcase classname="TestngDemo.TNG08_TestDataProvider" name="getData" time="0.003"/>
</testsuite> <!-- TestngDemo.TNG08_TestDataProvider -->
