<?xml version="1.0" encoding="UTF-8"?>
<!-- Generated by org.testng.reporters.JUnitReportReporter -->
<testsuite hostname="Asus-Vivobook-S14" failures="0" tests="3" name="TestngDemo.TNG_05_BeforeTest_AfterTest" time="8.424" errors="0" timestamp="2025-09-19T19:35:40 IST" skipped="0">
  <testcase classname="TestngDemo.TNG_05_BeforeTest_AfterTest" name="openFacebook" time="1.614"/>
  <testcase classname="TestngDemo.TNG_05_BeforeTest_AfterTest" name="openMyntra" time="5.260"/>
  <testcase classname="TestngDemo.TNG_05_BeforeTest_AfterTest" name="openGoogle" time="1.550"/>
</testsuite> <!-- TestngDemo.TNG_05_BeforeTest_AfterTest -->
