<?xml version="1.0" encoding="UTF-8"?>
<!-- Generated by org.testng.reporters.JUnitReportReporter -->
<testsuite hostname="Asus-Vivobook-S14" failures="0" tests="3" name="TestngDemo.TNG_09_PracticalImplimentation_dataProvider" time="7.572" errors="0" timestamp="2025-09-19T20:05:21 IST" skipped="0">
  <testcase classname="TestngDemo.TNG_09_PracticalImplimentation_dataProvider" name="loginAutomation" time="2.495"/>
  <testcase classname="TestngDemo.TNG_09_PracticalImplimentation_dataProvider" name="loginAutomation" time="2.960"/>
  <testcase classname="TestngDemo.TNG_09_PracticalImplimentation_dataProvider" name="loginAutomation" time="2.117"/>
</testsuite> <!-- TestngDemo.TNG_09_PracticalImplimentation_dataProvider -->
