<?xml version="1.0" encoding="UTF-8"?>
<!-- Generated by org.testng.reporters.JUnitReportReporter -->
<testsuite hostname="Asus-Vivobook-S14" failures="0" tests="2" name="TestngDemo.TNG11_groupingTestcases" time="33.571" errors="0" timestamp="2025-09-22T20:15:50 IST" skipped="0">
  <testcase classname="TestngDemo.TNG11_groupingTestcases" name="testSellLink" time="20.405"/>
  <testcase classname="TestngDemo.TNG11_groupingTestcases" name="testBestsellersLink" time="13.166"/>
</testsuite> <!-- TestngDemo.TNG11_groupingTestcases -->
