<?xml version="1.0" encoding="UTF-8"?>
<!-- Generated by org.testng.reporters.JUnitReportReporter -->
<testsuite hostname="Asus-Vivobook-S14" failures="0" tests="3" name="TestngDemo.TNG_06_BeforeMethod_AfterMethod" time="16.757" errors="0" timestamp="2025-09-19T19:38:43 IST" skipped="0">
  <testcase classname="TestngDemo.TNG_06_BeforeMethod_AfterMethod" name="openFacebook" time="4.296"/>
  <testcase classname="TestngDemo.TNG_06_BeforeMethod_AfterMethod" name="openMyntra" time="8.133"/>
  <testcase classname="TestngDemo.TNG_06_BeforeMethod_AfterMethod" name="openGoogle" time="4.328"/>
</testsuite> <!-- TestngDemo.TNG_06_BeforeMethod_AfterMethod -->
