<?xml version="1.0" encoding="UTF-8"?>
<!-- Generated by org.testng.reporters.JUnitReportReporter -->
<testsuite hostname="Asus-Vivobook-S14" failures="0" tests="3" name="TestngDemo.TNG_03_Anotations" time="18.114" errors="0" timestamp="2025-09-19T19:19:09 IST" skipped="0">
  <testcase classname="TestngDemo.TNG_03_Anotations" name="openFacebook" time="9.551"/>
  <testcase classname="TestngDemo.TNG_03_Anotations" name="openMyntra" time="5.121"/>
  <testcase classname="TestngDemo.TNG_03_Anotations" name="openGoogle" time="3.442"/>
</testsuite> <!-- TestngDemo.TNG_03_Anotations -->
