<?xml version="1.0" encoding="UTF-8"?>
<!-- Generated by org.testng.reporters.JUnitXMLReporter -->
<testsuite ignored="0" hostname="Asus-Vivobook-S14" failures="0" tests="3" name="MyTest" time="13.629" errors="0" timestamp="2025-09-22T20:26:00 IST">
  <testcase classname="TestngDemo.TNG12_ParallelTestExecution" name="openGoogle" time="7.9"/>
  <testcase classname="TestngDemo.TNG12_ParallelTestExecution" name="openMyntra" time="12.544"/>
  <testcase classname="TestngDemo.TNG12_ParallelTestExecution" name="openFacebook" time="13.359"/>
</testsuite> <!-- MyTest -->
