<?xml version="1.0" encoding="UTF-8"?>
<testng-results ignored="0" total="1" passed="1" failed="0" skipped="0">
  <reporter-output>
  </reporter-output>
  <suite started-at="2025-11-15T15:06:06 IST" name="Default suite" finished-at="2025-11-15T15:06:12 IST" duration-ms="6454">
    <groups>
    </groups>
    <test started-at="2025-11-15T15:06:06 IST" name="Default test" finished-at="2025-11-15T15:06:12 IST" duration-ms="6454">
      <class name="SA_Assignments.TNG_CaptureScreenshot">
        <test-method signature="ScreenShot()[pri:0, instance:SA_Assignments.TNG_CaptureScreenshot@3d285d7e]" started-at="2025-11-15T15:06:06 IST" name="ScreenShot" finished-at="2025-11-15T15:06:12 IST" duration-ms="6299" status="PASS">
          <reporter-output>
          </reporter-output>
        </test-method> <!-- ScreenShot -->
      </class> <!-- SA_Assignments.TNG_CaptureScreenshot -->
    </test> <!-- Default test -->
  </suite> <!-- Default suite -->
</testng-results>
